{
  "0 debug pnpm:scope": {
    "selected": 1
  },
  "1 debug pnpm:package-manifest": {
    "initial": {
      "$schema": "https://json.schemastore.org/package.json",
      "name": "cathotel",
      "version": "1.0.0",
      "private": true,
      "workspaces": [
        "packages/*",
        "apps/*"
      ],
      "scripts": {
        "dev": "next dev --port 7000",
        "build": "next build",
        "start": "next start",
        "lint": "next lint",
        "buildDocker": "",
        "storybook": "start-storybook -p 7003 --quiet",
        "test": "playwright test",
        "test:headed": "playwright test --headed"
      },
      "dependencies": {
        "@fontsource/maven-pro": "^4.5.10",
        "@fontsource/roboto": "^4.5.7",
        "@hookstate/core": "^3.0.13",
        "@prisma/client": "^4.0.0",
        "@stitches/react": "^1.2.8",
        "@storybook/react": "^6.5.9",
        "advanced-cl": "workspace:*",
        "firebase": "9.8.2",
        "next": "12.2.0",
        "pacman": "workspace:*",
        "react": "18.2.0",
        "react-dom": "18.2.0",
        "react-firebase-hooks": "5.0.3",
        "react-icons": "4.4.0",
        "react-reverse-portal": "^2.1.0"
      },
      "devDependencies": {
        "@playwright/test": "^1.23.1",
        "@storybook/addon-actions": "^6.5.9",
        "@storybook/addon-controls": "^6.5.9",
        "@storybook/addon-essentials": "^6.5.9",
        "@storybook/addon-interactions": "^6.5.9",
        "@storybook/addon-links": "^6.5.9",
        "@storybook/builder-webpack5": "^6.5.9",
        "@storybook/manager-webpack5": "^6.5.9",
        "@storybook/preset-scss": "^1.0.3",
        "@storybook/testing-library": "^0.0.13",
        "@types/node": "18.0.0",
        "@types/react": "18.0.14",
        "@types/react-dom": "18.0.5",
        "autoprefixer": "^10.4.7",
        "config": "workspace:*",
        "css-loader": "^6.7.1",
        "eslint": "8.18.0",
        "eslint-config-next": "12.2.0",
        "next-transpile-modules": "9.0.0",
        "path": "^0.12.7",
        "prisma": "^4.0.0",
        "sass": "1.53.0",
        "sass-loader": "^13.0.2",
        "storybook-addon-root-attribute": "^1.0.2",
        "style-loader": "^3.3.1",
        "tsconfig": "workspace:*",
        "tsconfig-paths-webpack-plugin": "^3.5.2",
        "typescript": "4.7.4"
      }
    },
    "prefix": "C:\\Users\\Florian\\Desktop\\Projects\\NodeJS\\tech-cat"
  },
  "2 debug pnpm:context": {
    "currentLockfileExists": false,
    "storeDir": "C:\\Users\\Florian\\AppData\\Local\\pnpm\\store\\v3",
    "virtualStoreDir": "C:\\Users\\Florian\\Desktop\\Projects\\NodeJS\\tech-cat\\node_modules\\.pnpm"
  },
  "3 debug pnpm:stage": {
    "prefix": "C:\\Users\\Florian\\Desktop\\Projects\\NodeJS\\tech-cat",
    "stage": "resolution_started"
  },
  "4 error pnpm": {
    "code": "ERR_PNPM_NO_MATCHING_VERSION_INSIDE_WORKSPACE",
    "pkgsStack": [],
    "err": {
      "name": "pnpm",
      "message": "In : No matching version found for config@* inside the workspace",
      "code": "ERR_PNPM_NO_MATCHING_VERSION_INSIDE_WORKSPACE",
      "stack": "pnpm: In : No matching version found for config@* inside the workspace\n    at tryResolveFromWorkspace (C:\\Users\\Florian\\AppData\\Roaming\\nvm\\v16.11.0\\node_modules\\pnpm\\dist\\pnpm.cjs:84775:15)\n    at resolveNpm (C:\\Users\\Florian\\AppData\\Roaming\\nvm\\v16.11.0\\node_modules\\pnpm\\dist\\pnpm.cjs:84667:39)\n    at Object.resolve (C:\\Users\\Florian\\AppData\\Roaming\\nvm\\v16.11.0\\node_modules\\pnpm\\dist\\pnpm.cjs:84897:34)\n    at ctx.requestsQueue.add.priority (C:\\Users\\Florian\\AppData\\Roaming\\nvm\\v16.11.0\\node_modules\\pnpm\\dist\\pnpm.cjs:91598:75)\n    at run (C:\\Users\\Florian\\AppData\\Roaming\\nvm\\v16.11.0\\node_modules\\pnpm\\dist\\pnpm.cjs:91359:90)\n    at PQueue._tryToStartAnother (C:\\Users\\Florian\\AppData\\Roaming\\nvm\\v16.11.0\\node_modules\\pnpm\\dist\\pnpm.cjs:91313:13)\n    at C:\\Users\\Florian\\AppData\\Roaming\\nvm\\v16.11.0\\node_modules\\pnpm\\dist\\pnpm.cjs:91372:16\n    at new Promise (<anonymous>)\n    at PQueue.add (C:\\Users\\Florian\\AppData\\Roaming\\nvm\\v16.11.0\\node_modules\\pnpm\\dist\\pnpm.cjs:91354:16)\n    at resolveAndFetch (C:\\Users\\Florian\\AppData\\Roaming\\nvm\\v16.11.0\\node_modules\\pnpm\\dist\\pnpm.cjs:91598:55)"
    }
  }
}