{
  "0 debug pnpm:scope": {
    "selected": 1,
    "workspacePrefix": "C:\\Users\\Florian\\Desktop\\Development\\Web\\beta\\tech-cat"
  },
  "1 error pnpm": {
    "errno": 1,
    "code": "ELIFECYCLE",
    "pkgid": "baseproject@",
    "stage": "dev",
    "script": "next dev",
    "pkgname": "baseproject",
    "err": {
      "name": "pnpm",
      "message": "baseproject@ dev: `next dev`\nExit status 1",
      "code": "ELIFECYCLE",
      "stack": "pnpm: baseproject@ dev: `next dev`\nExit status 1\n    at EventEmitter.<anonymous> (C:\\Users\\Florian\\AppData\\Roaming\\npm\\pnpm-global\\5\\node_modules\\.pnpm\\pnpm@6.32.2\\node_modules\\pnpm\\dist\\pnpm.cjs:105700:20)\n    at EventEmitter.emit (node:events:394:28)\n    at ChildProcess.<anonymous> (C:\\Users\\Florian\\AppData\\Roaming\\npm\\pnpm-global\\5\\node_modules\\.pnpm\\pnpm@6.32.2\\node_modules\\pnpm\\dist\\pnpm.cjs:92261:18)\n    at ChildProcess.emit (node:events:394:28)\n    at maybeClose (node:internal/child_process:1064:16)\n    at Process.ChildProcess._handle.onexit (node:internal/child_process:301:5)"
    }
  },
  "2 warn pnpm:global": " Local package.json exists, but node_modules missing, did you mean to install?"
}